[orderrequirement.com/index0a1a.html]
[backblue.gif]
[fade.gif]
[index.html]
[orderrequirement.com/bootstrap/css/bootstrap.min.css]
[orderrequirement.com/bootstrap/css/font-awesome.min.css]
[orderrequirement.com/dist/css/AdminLTE.min.css]
[orderrequirement.com/dist/css/skins/_all-skins.min.css]
[orderrequirement.com/logo.png]
[orderrequirement.com/index.html]
[orderrequirement.com/default.png]
[orderrequirement.com/1.png]
[orderrequirement.com/2.jpg]
[orderrequirement.com/3.jpg]
[orderrequirement.com/figure-a.jpg]
[orderrequirement.com/loading.gif]
[orderrequirement.com/plugins/jQuery/jQuery-2.1.3.min.js]
[orderrequirement.com/bootstrap/js/bootstrap.min.js]
[orderrequirement.com/plugins/bootstrap-wysihtml5/bootstrap3-wysihtml5.all.min.js]
[orderrequirement.com/dist/js/app.min.js]
[orderrequirement.com/dist/js/pages/dashboard.js]
[orderrequirement.com/index0a1a.html]
[orderrequirement.com/dist/js/demo.js]
[orderrequirement.com/bootstrap/fonts/glyphicons-halflings-regular.eot]
[orderrequirement.com/bootstrap/fonts/glyphicons-halflings-regulard41d.eot]
[orderrequirement.com/bootstrap/fonts/glyphicons-halflings-regular.woff2]
[orderrequirement.com/bootstrap/fonts/glyphicons-halflings-regular.woff]
[orderrequirement.com/bootstrap/fonts/glyphicons-halflings-regular.ttf]
[orderrequirement.com/bootstrap/fonts/glyphicons-halflings-regular.svg]
[orderrequirement.com/bootstrap/css/bootstrap.min.css]
[orderrequirement.com/bootstrap/fonts/fontawesome-webfont5b62.eot]
[orderrequirement.com/bootstrap/fonts/fontawesome-webfontd41d.eot]
[orderrequirement.com/bootstrap/fonts/fontawesome-webfont5b62.woff2]
[orderrequirement.com/bootstrap/fonts/fontawesome-webfont5b62.woff]
[orderrequirement.com/bootstrap/fonts/fontawesome-webfont5b62.ttf]
[orderrequirement.com/bootstrap/css/font-awesome.min.css]
[orderrequirement.com/bootstrap/fonts/fontawesome-webfont5b62.svg]
[orderrequirement.com/dist/img/boxed-bg.jpg]
[orderrequirement.com/dist/css/AdminLTE.min.css]
[orderrequirement.com/dist/css/skins/_all-skins.min.css]
[orderrequirement.com/index.html]
[orderrequirement.com/bootstrap/fonts/glyphicons-halflings-regular.svg]
[orderrequirement.com/bootstrap/fonts/fontawesome-webfont5b62.svg]
